[debug] [2025-07-21T00:29:58.938Z] ----------------------------------------------------------------------
[debug] [2025-07-21T00:29:58.942Z] Command:       /Users/chakritpaniam/.nvm/versions/node/v22.15.0/bin/node /Users/chakritpaniam/.nvm/versions/node/v22.15.0/bin/firebase deploy --only hosting
[debug] [2025-07-21T00:29:58.942Z] CLI Version:   14.11.0
[debug] [2025-07-21T00:29:58.943Z] Platform:      darwin
[debug] [2025-07-21T00:29:58.943Z] Node Version:  v22.15.0
[debug] [2025-07-21T00:29:58.943Z] Time:          Mon Jul 21 2025 07:29:58 GMT+0700 (Indochina Time)
[debug] [2025-07-21T00:29:58.943Z] ----------------------------------------------------------------------
[debug] 
[debug] [2025-07-21T00:29:59.045Z] > command requires scopes: ["email","openid","https://www.googleapis.com/auth/cloudplatformprojects.readonly","https://www.googleapis.com/auth/firebase","https://www.googleapis.com/auth/cloud-platform"]
[debug] [2025-07-21T00:29:59.045Z] > authorizing via signed-in user (chakrit69@gmail.com)
[debug] [2025-07-21T00:29:59.046Z] [iam] checking project saba-i for permissions ["firebase.projects.get","firebasehosting.sites.update"]
[debug] [2025-07-21T00:29:59.046Z] Checked if tokens are valid: false, expires at: 1753030089192
[debug] [2025-07-21T00:29:59.046Z] Checked if tokens are valid: false, expires at: 1753030089192
[debug] [2025-07-21T00:29:59.046Z] > refreshing access token with scopes: []
[debug] [2025-07-21T00:29:59.047Z] >>> [apiv2][query] POST https://www.googleapis.com/oauth2/v3/token [none]
[debug] [2025-07-21T00:29:59.048Z] >>> [apiv2][body] POST https://www.googleapis.com/oauth2/v3/token [omitted]
[debug] [2025-07-21T00:29:59.246Z] <<< [apiv2][status] POST https://www.googleapis.com/oauth2/v3/token 200
[debug] [2025-07-21T00:29:59.247Z] <<< [apiv2][body] POST https://www.googleapis.com/oauth2/v3/token [omitted]
[debug] [2025-07-21T00:29:59.259Z] >>> [apiv2][query] POST https://cloudresourcemanager.googleapis.com/v1/projects/saba-i:testIamPermissions [none]
[debug] [2025-07-21T00:29:59.259Z] >>> [apiv2][(partial)header] POST https://cloudresourcemanager.googleapis.com/v1/projects/saba-i:testIamPermissions x-goog-quota-user=projects/saba-i
[debug] [2025-07-21T00:29:59.259Z] >>> [apiv2][body] POST https://cloudresourcemanager.googleapis.com/v1/projects/saba-i:testIamPermissions {"permissions":["firebase.projects.get","firebasehosting.sites.update"]}
[debug] [2025-07-21T00:30:00.477Z] <<< [apiv2][status] POST https://cloudresourcemanager.googleapis.com/v1/projects/saba-i:testIamPermissions 200
[debug] [2025-07-21T00:30:00.479Z] <<< [apiv2][body] POST https://cloudresourcemanager.googleapis.com/v1/projects/saba-i:testIamPermissions {"permissions":["firebase.projects.get","firebasehosting.sites.update"]}
[debug] [2025-07-21T00:30:00.480Z] Checked if tokens are valid: true, expires at: 1753061398247
[debug] [2025-07-21T00:30:00.480Z] Checked if tokens are valid: true, expires at: 1753061398247
[debug] [2025-07-21T00:30:00.481Z] >>> [apiv2][query] GET https://firebase.googleapis.com/v1beta1/projects/saba-i [none]
[debug] [2025-07-21T00:30:00.989Z] <<< [apiv2][status] GET https://firebase.googleapis.com/v1beta1/projects/saba-i 200
[debug] [2025-07-21T00:30:00.989Z] <<< [apiv2][body] GET https://firebase.googleapis.com/v1beta1/projects/saba-i {"projectId":"saba-i","projectNumber":"971855188313","displayName":"Saba-i","name":"projects/saba-i","resources":{"hostingSite":"saba-i"},"state":"ACTIVE","etag":"1_02b624b6-7fce-422b-a488-ef85c3284a77"}
[info] 
[info] === Deploying to 'saba-i'...
[info] 
[info] i  deploying hosting 
[debug] [2025-07-21T00:30:00.993Z] Checked if tokens are valid: true, expires at: 1753061398247
[debug] [2025-07-21T00:30:00.993Z] Checked if tokens are valid: true, expires at: 1753061398247
[debug] [2025-07-21T00:30:00.993Z] >>> [apiv2][query] POST https://firebasehosting.googleapis.com/v1beta1/projects/-/sites/saba-i/versions [none]
[debug] [2025-07-21T00:30:00.993Z] >>> [apiv2][body] POST https://firebasehosting.googleapis.com/v1beta1/projects/-/sites/saba-i/versions {"status":"CREATED","labels":{"deployment-tool":"cli-firebase"}}
